2020-12-09T02:42:22.635+0800	info	log/log.go:103	_undef|cspanid=|spanid=9f67c99378629a0f|message=todo sth|traceid=000000005fcfc90ea9fb02c7658221
2020-12-09T02:43:04.210+0800	info	log/log.go:103	_undef|message=todo sth|traceid=000000005fcfc938731d069b658221|cspanid=|spanid=9f67c9a578629a0f
2020-12-09T02:45:34.304+0800	info	log/log.go:103	_undef|message=todo sth|traceid=000000005fcfc9ced1c4083e658221|cspanid=|spanid=9f67c95378629a0f
2020-12-09T02:51:11.927+0800	info	log/log.go:103	_undef|message=todo sth|traceid=000000005fcfcb1fec792a78658221|cspanid=|spanid=9f67cb8278629a0f
2020-12-09T02:53:18.995+0800	info	log/log.go:103	_undef|cspanid=|spanid=9f67cb0378629a0f|message=todo sth|traceid=000000005fcfcb9ed3a53144658221
2020-12-09T02:55:04.381+0800	info	log/log.go:103	_undef|message=todo sth|traceid=000000005fcfcc081c153632658221|cspanid=|spanid=9f67cc9578629a0f
2020-12-09T02:56:29.478+0800	info	log/log.go:103	_undef|message=todo sth|traceid=000000005fcfcc5d3ca8369d658221|cspanid=|spanid=9f67ccc078629a0f
2020-12-09T02:56:32.742+0800	info	log/log.go:103	_undef|traceid=000000005fcfcc60d14436ea658221|cspanid=|spanid=9f67ccfd78629a0f|message=todo sth
2020-12-09T02:56:35.141+0800	info	log/log.go:103	_undef|message=todo sth|traceid=000000005fcfcc634a923730658221|cspanid=|spanid=9f67ccfe78629a0f
2020-12-09T02:56:37.738+0800	info	log/log.go:103	_undef|message=todo sth|traceid=000000005fcfcc65c24c377d658221|cspanid=|spanid=9f67ccf878629a0f
2020-12-09T02:56:39.917+0800	info	log/log.go:103	_undef|traceid=000000005fcfcc672f1037c4658221|cspanid=|spanid=9f67ccfa78629a0f|message=todo sth
2020-12-09T02:56:41.525+0800	info	log/log.go:103	_undef|message=todo sth|traceid=000000005fcfcc692a3d3814658221|cspanid=|spanid=9f67ccf478629a0f
2020-12-09T02:56:55.652+0800	info	log/log.go:103	_undef|traceid=000000005fcfcc77a516386e658221|cspanid=|spanid=9f67ccea78629a0f|message=todo sth
2020-12-09T02:56:56.281+0800	info	log/log.go:103	_undef|traceid=000000005fcfcc7819b638b3658221|cspanid=|spanid=9f67cce578629a0f|message=todo sth
2020-12-09T02:56:57.499+0800	info	log/log.go:103	_undef|message=todo sth|traceid=000000005fcfcc791f8838ff658221|cspanid=|spanid=9f67cce478629a0f
2020-12-09T02:56:58.614+0800	info	log/log.go:103	_undef|message=todo sth|traceid=000000005fcfcc7aa4923946658221|cspanid=|spanid=9f67cce778629a0f
2020-12-09T02:56:59.577+0800	info	log/log.go:103	_undef|traceid=000000005fcfcc7bbc83398c658221|cspanid=|spanid=9f67cce678629a0f|message=todo sth
2020-12-09T02:57:00.696+0800	info	log/log.go:103	_undef|traceid=000000005fcfcc7ce16539d3658221|cspanid=|spanid=9f67cce178629a0f|message=todo sth
2020-12-09T02:57:01.677+0800	info	log/log.go:103	_undef|message=todo sth|traceid=000000005fcfcc7d37413a18658221|cspanid=|spanid=9f67cce078629a0f
2020-12-09T02:57:02.673+0800	info	log/log.go:103	_undef|spanid=9f67cce378629a0f|message=todo sth|traceid=000000005fcfcc7ee6173a62658221|cspanid=
2020-12-09T02:57:03.677+0800	info	log/log.go:103	_undef|cspanid=|spanid=9f67cce278629a0f|message=todo sth|traceid=000000005fcfcc7f4ca33aa6658221
2020-12-09T02:57:04.740+0800	info	log/log.go:103	_undef|message=todo sth|traceid=000000005fcfcc80b05e3aec658221|cspanid=|spanid=9f67cc1d78629a0f
2020-12-09T03:00:10.895+0800	info	log/log.go:103	_undef|message=todo sth|traceid=000000005fcfcd3af43f41dc658221|cspanid=|spanid=9f67cda778629a0f
2020-12-09T03:02:42.623+0800	info	log/log.go:103	_undef|message=todo sth|traceid=000000005fcfcdd2339846b8658221|cspanid=|spanid=9f67cd4f78629a0f
2020-12-09T03:02:59.582+0800	info	log/log.go:103	_undef|message=todo sth|traceid=000000005fcfcde38dee4720658221|cspanid=|spanid=9f67cd7e78629a0f
2020-12-09T03:03:18.754+0800	info	log/log.go:103	_undef|spanid=9f67cd6b78629a0f|message=todo sth|traceid=000000005fcfcdf61844478c658221|cspanid=
2020-12-09T03:03:56.680+0800	info	log/log.go:103	_undef|message=todo sth|traceid=000000005fcfce1cdf3f4809658221|cspanid=|spanid=9f67ce8178629a0f
2020-12-09T03:08:02.499+0800	info	log/log.go:103	_undef|spanid=9f67cf8f78629a0f|message=todo sth|traceid=000000005fcfcf126ec95230658221|cspanid=
2020-12-09T03:17:48.085+0800	info	log/log.go:103	_undef|spanid=9f67d1c178629a0f|message=todo sth|traceid=000000005fcfd15c2a035c22658221|cspanid=
2020-12-09T03:20:53.042+0800	info	log/log.go:103	_undef|spanid=9f67d28878629a0f|message=todo sth|traceid=000000005fcfd215b92b5dfd658221|cspanid=
2020-12-09T03:22:11.922+0800	info	log/log.go:103	_undef|traceid=000000005fcfd263077b5f49658221|cspanid=|spanid=9f67d2fe78629a0f|message=todo sth
2020-12-09T03:23:38.956+0800	info	log/log.go:103	_undef|spanid=9f67d22778629a0f|message=todo sth|traceid=000000005fcfd2ba683362ac658221|cspanid=
2020-12-09T03:38:26.825+0800	info	log/log.go:103	_undef|message=todo sth|traceid=000000005fcfd6324f3e8229658221|cspanid=|spanid=9f67d6af78629a0f
2020-12-09T03:43:06.757+0800	info	log/log.go:103	_undef|message=todo sth|traceid=000000005fcfd74aff6b862d658221|cspanid=|spanid=9f67d7d778629a0f
2020-12-09T03:52:27.174+0800	info	log/log.go:103	_undef|message=todo sth|traceid=000000005fcfd97bdc749f54658221|cspanid=|spanid=9f67d9e678629a0f
2020-12-09T03:54:02.869+0800	info	log/log.go:103	_undef|cspanid=|spanid=9f67d94778629a0f|message=todo sth|traceid=000000005fcfd9da44fba686658221
2020-12-09T03:57:06.222+0800	info	log/log.go:103	_undef|traceid=000000005fcfda923b33b0fb658221|cspanid=|spanid=9f67da0f78629a0f|message=todo sth
2020-12-09T03:57:43.164+0800	info	log/log.go:103	_undef|message=todo sth|traceid=000000005fcfdab7e160b321658221|cspanid=|spanid=9f67da2a78629a0f
2020-12-09T03:58:17.703+0800	info	log/log.go:103	_undef|traceid=000000005fcfdad9277bb4c3658221|cspanid=|spanid=9f67da4478629a0f|message=todo sth
2020-12-09T03:59:59.251+0800	info	log/log.go:103	_undef|message=todo sth|traceid=000000005fcfdb3f4008b622658221|cspanid=|spanid=9f67dba278629a0f
2020-12-09T13:34:50.171+0800	info	log/log.go:103	_undef|message=todo sth|traceid=000000005fd061fab0482479658221|cspanid=|spanid=9f787e0178629a0f
2020-12-09T13:57:25.839+0800	info	log/log.go:105	 msg 	{" 请求信息 ": "_undef|traceid=000000005fd06745ddd752be658221|cspanid=|spanid=9f7878be78629a0f|message=todo sth"}
2020-12-09T13:58:34.868+0800	info	log/log.go:105	请求信息	{"请求信息": "_undef|message=todo sth|traceid=000000005fd0678aaa4f55e0658221|cspanid=|spanid=9f78787178629a0f"}
2020-12-09T13:59:10.811+0800	info	log/log.go:105	链路日志	{"请求信息": "_undef|message=todo sth|traceid=000000005fd067ae5c115747658221|cspanid=|spanid=9f78785578629a0f"}
2020-12-09T14:14:40.199+0800	info	log/log.go:105	/test	{"": "_undef|spanid=9f7874ab78629a0f|message=todo sth|traceid=000000005fd06b50864b786f658221|cspanid="}
2020-12-09T14:15:42.476+0800	info	log/log.go:105	/test	{"": "_undef|traceid=000000005fd06b8e40e67f66658221|cspanid=|spanid=9f78747578629a0f|message=todo sth"}
2020-12-09T14:16:57.552+0800	info	log/log.go:105	/test	{"000000005fd06bd97af68549658221": "_undef|traceid=000000005fd06bd97af68549658221|cspanid=|spanid=9f78742278629a0f|message=todo sth"}
2020-12-09T14:17:47.000+0800	info	log/log.go:105	/test	{"000000005fd06c0bead285ce658221": "_undef|spanid=9f7873f078629a0f|message=todo sth|traceid=000000005fd06c0bead285ce658221|cspanid="}
2020-12-09T14:27:13.864+0800	info	log/log.go:105	/test	{"_undef|traceid=000000005fd06e410a0c9ff9658221|cspanid=|spanid=9f7871ba78629a0f|message=todo sth": "todo sth"}
2020-12-09T14:37:43.996+0800	info	log/log.go:107	/test	{"traceid=000000005fd070b7a0aacdb4658221|spanid=9f786f4c78629a0f|scpanid=": "_undef|message=todo sth"}
2020-12-09T14:38:08.601+0800	info	log/log.go:107	/test	{"traceid=000000005fd070d0d7a3ceba658221|spanid=9f786f2b78629a0f|cspanid=": "_undef|message=todo sth"}
2020-12-09T14:43:49.013+0800	info	log/log.go:107	/test	{"traceid=000000005fd072253fa3e7de658221|spanid=9f786dde78629a0f|cspanid=": "_undef|message=todo sth|error}=sth failed/success"}
2020-12-09T14:45:54.100+0800	info	log/log.go:107	/test	{"traceid=000000005fd072a2a1b0eba1658221|spanid=9f786d5978629a0f|cspanid=": "_undef|error=text string|balabala=xxxx|message=todo sth"}
2020-12-09T14:50:25.970+0800	info	log/log.go:111	/test	{"traceid": "000000005fd073b1398b13dc658221", "spanid": "9f786c4a78629a0f", "cspanid": "", "": "_undef|message=todo sth|error=text string|balabala=xxxx"}
2020-12-09T14:51:36.404+0800	info	log/log.go:111	/test	{"traceid": "000000005fd073f854ca1601658221", "spanid": "9f786c0378629a0f", "cspanid": "", "msg": "_undef|error=text string|balabala=xxxx|message=todo sth"}
2020-12-09T14:52:00.303+0800	info	log/log.go:111	/test	{"traceid": "000000005fd07410a3ab1760658221", "spanid": "9f786beb78629a0f", "cspanid": "", "msg": "_undef|message=todo sth|error=text string|balabala=xxxx"}
2020-12-09T14:52:25.384+0800	info	log/log.go:111	/test	{"traceid": "000000005fd0742913f817b8658221", "spanid": "9f786bd278629a0f", "cspanid": "", "msg": "_undef|message=todo sth|error=text string|balabala=xxxx"}
2020-12-09T14:52:31.678+0800	info	log/log.go:111	/test	{"traceid": "000000005fd0742f2c7f180e658221", "spanid": "9f786bd478629a0f", "cspanid": "", "msg": "_undef|message=todo sth|error=text string|balabala=xxxx"}
2020-12-09T14:52:40.222+0800	info	log/log.go:111	/test	{"traceid": "000000005fd07438fd76188f658221", "spanid": "9f786bc378629a0f", "cspanid": "", "msg": "_undef|error=text string|balabala=xxxx|message=todo sth"}
2020-12-09T14:52:44.440+0800	info	log/log.go:111	/test	{"traceid": "000000005fd0743c70d618e9658221", "spanid": "9f786bc778629a0f", "cspanid": "", "msg": "_undef|message=todo sth|error=text string|balabala=xxxx"}
2020-12-09T14:59:46.988+0800	info	log/log.go:112	/test	{"traceid": "000000005fd075e25fcc37a7658221", "spanid": "9f786a1978629a0f", "cspanid": "", "msg": "_undef|message=todo sth|error=text string|balabala=xxxx"}
2020-12-09T15:58:46.476+0800	info	log/log.go:122	/test	{"traceid": "000000005fd083b65c77b489658221", "spanid": "9f789c4d78629a0f", "cspanid": "", "msg": "_undef|message=todo sth|error=text string|balabala=xxxx|caller=proc.go:204"}
2020-12-09T16:01:36.773+0800	info	log/log.go:121	/test	{"traceid": "000000005fd08460d347c365658221", "spanid": "9f789b9b78629a0f", "cspanid": "", "msg": "_undef|message=todo sth|error=text string|balabala=xxxx|caller=0x78ac47 | /home/lee/project/go/github.com/captainlee1024/fast-gin/main.go | 66"}
2020-12-09T16:06:56.903+0800	info	log/log.go:123	/test	{"traceid": "000000005fd085a01205de65658221", "spanid": "9f789a5b78629a0f", "cspanid": "", "msg": "_undef|message=todo sth|error=text string|balabala=xxxx|caller=7908743|main.go:66"}
2020-12-09T16:08:34.168+0800	info	log/log.go:123	/test	{"traceid": "000000005fd0860217c3e968658221", "spanid": "9f7899f978629a0f", "cspanid": "", "msg": "_undef|message=todo sth|error=text string|balabala=xxxx|caller=(*uintptr)(0xc0001ddef0)|main.go:66"}
2020-12-09T16:12:12.728+0800	info	log/log.go:123	/mytest	{"traceid": "000000005fd086dc9979f6c1658221", "spanid": "9f78992778629a0f", "cspanid": "", "msg": "_undef|message=test caller，测试获取日志调用者信息|error=text string|balabala=xxxx|caller=func.go:103"}
2020-12-09T16:12:12.728+0800	info	log/log.go:123	/test	{"traceid": "000000005fd086dc58f6f6c1104dc7", "spanid": "9f789927380704bb", "cspanid": "", "msg": "_undef|message=todo sth|error=text string|balabala=xxxx|caller=main.go:66"}
2020-12-09T16:13:45.247+0800	info	log/log.go:123	/mytest	{"traceid": "000000005fd0873921c2fa14658221", "spanid": "9f7898c278629a0f", "cspanid": "", "msg": "_undef|message=test caller，测试获取日志调用者信息|error=text string|balabala=xxxx|caller=func.go:103"}
2020-12-09T16:13:45.248+0800	info	log/log.go:123	/test	{"traceid": "000000005fd0873962ebfa14104dc7", "spanid": "9f7898c2380704bb", "cspanid": "", "msg": "_undef|message=todo sth|error=text string|balabala=xxxx|caller=main.go:66"}
2020-12-09T16:13:49.829+0800	info	log/log.go:123	/mytest	{"traceid": "000000005fd0873d9621fa58658221", "spanid": "9f7898c678629a0f", "cspanid": "", "msg": "_undef|balabala=xxxx|caller=func.go:103|message=test caller，测试获取日志调用者信息|error=text string"}
2020-12-09T16:13:49.829+0800	info	log/log.go:123	/test	{"traceid": "000000005fd0873d911afa58104dc7", "spanid": "9f7898c6380704bb", "cspanid": "", "msg": "_undef|caller=main.go:66|message=todo sth|error=text string|balabala=xxxx"}
2020-12-09T16:28:48.358+0800	info	/mytest	{"traceid": "000000005fd08ac053370bd0658221", "spanid": "9f78953b78629a0f", "cspanid": "", "msg": "_undef|error=text string|balabala=xxxx|caller=func.go:103|message=test caller，测试获取日志调用者信息"}
2020-12-09T16:28:48.359+0800	info	/test	{"traceid": "000000005fd08ac0e3360bd0104dc7", "spanid": "9f78953b380704bb", "cspanid": "", "msg": "_undef|balabala=xxxx|caller=main.go:66|message=todo sth|error=text string"}
2020-12-09T16:29:15.784+0800	info	/mytest	{"traceid": "000000005fd08adb13820db2658221", "spanid": "9f78952078629a0f", "cspanid": "", "msg": "_undef|balabala=xxxx|caller=func.go:103|message=test caller，测试获取日志调用者信息|error=text string"}
2020-12-09T16:29:15.785+0800	info	/test	{"traceid": "000000005fd08adbf8130db2104dc7", "spanid": "9f789520380704bb", "cspanid": "", "msg": "_undef|message=todo sth|error=text string|balabala=xxxx|caller=main.go:66"}
2020-12-09T16:33:22.036+0800	info	log/log.go:123	/mytest	{"traceid": "000000005fd08bd283780f2a658221", "spanid": "9f78942978629a0f", "cspanid": "", "msg": "_undef|message=test caller，测试获取日志调用者信息|error=text string|balabala=xxxx|caller=func.go:103"}
2020-12-09T16:33:22.036+0800	info	log/log.go:123	/test	{"traceid": "000000005fd08bd20b130f2a104dc7", "spanid": "9f789429380704bb", "cspanid": "", "msg": "_undef|message=todo sth|error=text string|balabala=xxxx|caller=main.go:66"}
2020-12-09T16:33:50.497+0800	info	log/log.go:123	/mytest	{"traceid": "000000005fd08beea2590f96658221", "spanid": "9f78941578629a0f", "cspanid": "", "msg": "_undef|message=test caller，测试获取日志调用者信息|error=text string|balabala=xxxx|caller=func.go:103"}
2020-12-09T16:33:50.499+0800	info	log/log.go:123	/test	{"traceid": "000000005fd08bee12e00f96104dc7", "spanid": "9f789415380704bb", "cspanid": "", "msg": "_undef|caller=main.go:66|message=todo sth|error=text string|balabala=xxxx"}
2020-12-09T16:35:19.621+0800	info	/mytest	{"traceid": "000000005fd08c478ee913b0658221", "spanid": "9f7893bc78629a0f", "cspanid": "", "msg": "_undef|message=test caller，测试获取日志调用者信息|error=text string|balabala=xxxx|caller=func.go:103"}
2020-12-09T16:35:19.621+0800	info	/test	{"traceid": "000000005fd08c47027113b0104dc7", "spanid": "9f7893bc380704bb", "cspanid": "", "msg": "_undef|error=text string|balabala=xxxx|caller=main.go:66|message=todo sth"}
2020-12-09T16:38:05.906+0800	info	/mytest	{"traceid": "000000005fd08ced972e1481658221", "spanid": "9f78931678629a0f", "cspanid": "", "msg": "_undef|message=test caller，测试获取日志调用者信息|error=text string|balabala=xxxx|caller=func.go:103"}
2020-12-09T16:38:05.906+0800	info	/test	{"traceid": "000000005fd08ced39461481104dc7", "spanid": "9f789316380704bb", "cspanid": "", "msg": "_undef|balabala=xxxx|caller=main.go:66|message=todo sth|error=text string"}
2020-12-09T16:39:23.102+0800	info	func.go:103
2020-12-09T16:39:23.102+0800	info	/mytest	{"traceid": "000000005fd08d3bf90c1acc658221", "spanid": "9f7892c078629a0f", "cspanid": "", "msg": "_undef|message=test caller，测试获取日志调用者信息|error=text string|balabala=xxxx|caller=func.go:103"}
2020-12-09T16:39:23.103+0800	info	main.go:66
2020-12-09T16:39:23.103+0800	info	/test	{"traceid": "000000005fd08d3b2a791acc104dc7", "spanid": "9f7892c0380704bb", "cspanid": "", "msg": "_undef|message=todo sth|error=text string|balabala=xxxx|caller=main.go:66"}
2020-12-09T16:46:00.107+0800	info	func.go:103 | /mytest	{"traceid": "000000005fd08ec899b63c9e658221", "spanid": "9f78913378629a0f", "cspanid": "", "msg": "_undef|message=test caller，测试获取日志调用者信息|error=text string|balabala=xxxx|caller=func.go:103"}
2020-12-09T16:46:00.107+0800	info	main.go:66 | /test	{"traceid": "000000005fd08ec89e4f3c9e104dc7", "spanid": "9f789133380704bb", "cspanid": "", "msg": "_undef|caller=main.go:66|message=todo sth|error=text string|balabala=xxxx"}
2020-12-09T16:47:36.616+0800	info	func.go:103  /mytest	{"traceid": "000000005fd08f28acbb3f30658221", "spanid": "9f7890d378629a0f", "cspanid": "", "msg": "_undef|caller=func.go:103|message=test caller，测试获取日志调用者信息|error=text string|balabala=xxxx"}
2020-12-09T16:47:36.616+0800	info	main.go:66  /test	{"traceid": "000000005fd08f28ec1b3f30104dc7", "spanid": "9f7890d3380704bb", "cspanid": "", "msg": "_undef|error=text string|balabala=xxxx|caller=main.go:66|message=todo sth"}
2020-12-09T16:48:46.223+0800	info	/mytest	{"traceid": "000000005fd08f6e273d43e6658221", "spanid": "9f78909578629a0f", "cspanid": "", "msg": "_undef|message=test caller，测试获取日志调用者信息|error=text string|balabala=xxxx|caller=func.go:103"}
2020-12-09T16:48:46.223+0800	info	/test	{"traceid": "000000005fd08f6e099743e6104dc7", "spanid": "9f789095380704bb", "cspanid": "", "msg": "_undef|message=todo sth|error=text string|balabala=xxxx|caller=main.go:66"}
2020-12-09T16:49:18.781+0800	info	/mytest	{"traceid": "000000005fd08f8ee41a444f658221", "spanid": "9f78907578629a0f", "cspanid": "", "msg": "_undef|caller=func.go:103|message=test caller，测试获取日志调用者信息|error=text string|balabala=xxxx"}
2020-12-09T16:49:18.781+0800	info	/test	{"traceid": "000000005fd08f8e1e19444f104dc7", "spanid": "9f789075380704bb", "cspanid": "", "msg": "_undef|message=todo sth|error=text string|balabala=xxxx|caller=main.go:66"}
2020-12-09T16:49:32.927+0800	info	/mytest	{"traceid": "000000005fd08f9c6b7f44bb658221", "spanid": "9f78906778629a0f", "cspanid": "", "msg": "_undef|error=text string|balabala=xxxx|caller=func.go:103|message=test caller，测试获取日志调用者信息"}
2020-12-09T16:49:32.927+0800	info	/test	{"traceid": "000000005fd08f9c1a2c44bb104dc7", "spanid": "9f789067380704bb", "cspanid": "", "msg": "_undef|balabala=xxxx|caller=main.go:66|message=todo sth|error=text string"}
2020-12-09T16:50:34.245+0800	info	/mytest	{"traceid": "000000005fd08fda5ff3462b658221", "spanid": "9f78902178629a0f", "cspanid": "", "msg": "_undef|message=test caller，测试获取日志调用者信息|error=text string|balabala=xxxx|caller=func.go:103"}
2020-12-09T16:50:34.245+0800	info	/test	{"traceid": "000000005fd08fda4f73462b104dc7", "spanid": "9f789021380704bb", "cspanid": "", "msg": "_undef|message=todo sth|error=text string|balabala=xxxx|caller=main.go:66"}
0001-01-01T00:00:00.000Z	info		{"callertest": "测试caller"}
2020-12-09T16:58:29.071+0800	info	/mytest	{"traceid": "000000005fd091b5a9f16a4c658221", "spanid": "9f788e4e78629a0f", "cspanid": "", "msg": "_undef|message=test caller，测试获取日志调用者信息|error=text string|balabala=xxxx|caller=func.go:103"}
0001-01-01T00:00:00.000Z	info		{"callertest": "测试caller"}
2020-12-09T16:58:29.071+0800	info	/test	{"traceid": "000000005fd091b591096a4c104dc7", "spanid": "9f788e4e380704bb", "cspanid": "", "msg": "_undef|balabala=xxxx|caller=main.go:66|message=todo sth|error=text string"}
0001-01-01T00:00:00.000Z	info	settings/func.go:103		{"callertest": "测试caller"}
2020-12-09T16:58:59.523+0800	info	log/log.go:123	/mytest	{"traceid": "000000005fd091d3a53b6b9e658221", "spanid": "9f788e2878629a0f", "cspanid": "", "msg": "_undef|message=test caller，测试获取日志调用者信息|error=text string|balabala=xxxx|caller=func.go:103"}
0001-01-01T00:00:00.000Z	info	fast-gin/main.go:66		{"callertest": "测试caller"}
2020-12-09T16:58:59.523+0800	info	log/log.go:123	/test	{"traceid": "000000005fd091d395c26b9e104dc7", "spanid": "9f788e28380704bb", "cspanid": "", "msg": "_undef|message=todo sth|error=text string|balabala=xxxx|caller=main.go:66"}
0001-01-01T00:00:00.000Z	info	settings/func.go:103		{"callertest": "测试caller"}
2020-12-09T17:07:47.722+0800	info	log/log.go:124	/mytest	{"traceid": "000000005fd093e3555c923a658221", "spanid": "9f788c1878629a0f", "cspanid": "", "msg": "_undef|message=test caller，测试获取日志调用者信息|error=text string|balabala=xxxx|caller=func.go:103"}
0001-01-01T00:00:00.000Z	info	fast-gin/main.go:66		{"callertest": "测试caller"}
2020-12-09T17:07:47.722+0800	info	log/log.go:124	/test	{"traceid": "000000005fd093e3ddcd923a104dc7", "spanid": "9f788c18380704bb", "cspanid": "", "msg": "_undef|message=todo sth|error=text string|balabala=xxxx|caller=main.go:66"}
0001-01-01T00:00:00.000Z	info	settings/func.go:103		{"callertest": "测试caller"}
2020-12-09T17:11:12.371+0800	info	log/log.go:124	/mytest	{"traceid": "000000005fd094b0b0bea38d658221", "spanid": "9f788b4b78629a0f", "cspanid": "", "msg": "_undef|message=test caller，测试获取日志调用者信息|error=text string|balabala=xxxx|caller=func.go:103"}
0001-01-01T00:00:00.000Z	info	settings/func.go:109		{"callertest": "测试caller"}
2020-12-09T17:11:12.371+0800	info	log/log.go:155	/errortest	{"traceid": "000000005fd094b0aaa2a38d104dc7", "spanid": "9f788b4b380704bb", "cspanid": "", "msg": "_undef|message=test caller 测试替换日志默认Caller|error=text string|caller=func.go:109"}
0001-01-01T00:00:00.000Z	info	fast-gin/main.go:66		{"callertest": "测试caller"}
2020-12-09T17:11:12.371+0800	info	log/log.go:124	/test	{"traceid": "000000005fd094b0b277a38d5a8581", "spanid": "9f788b4b57e9d186", "cspanid": "", "msg": "_undef|message=todo sth|error=text string|balabala=xxxx|caller=main.go:66"}
0001-01-01T00:00:00.000Z	info	settings/func.go:103		{"callertest": "测试caller"}
2020-12-09T17:12:31.105+0800	info	log/log.go:124	/mytest	{"traceid": "000000005fd094ff61eaa73b658221", "spanid": "9f788b0478629a0f", "cspanid": "", "msg": "_undef|error=text string|balabala=xxxx|caller=func.go:103|message=test caller，测试获取日志调用者信息"}
0001-01-01T00:00:00.000Z	info	settings/func.go:109		{"callertest": "测试caller"}
2020-12-09T17:12:31.105+0800	error	log/log.go:155	/errortest	{"traceid": "000000005fd094ffb195a73b104dc7", "spanid": "9f788b04380704bb", "cspanid": "", "msg": "_undef|message=test caller 测试替换日志默认Caller|error=text string|caller=func.go:109"}
0001-01-01T00:00:00.000Z	info	fast-gin/main.go:66		{"callertest": "测试caller"}
2020-12-09T17:12:31.105+0800	info	log/log.go:124	/test	{"traceid": "000000005fd094ffb8eba73b5a8581", "spanid": "9f788b0457e9d186", "cspanid": "", "msg": "_undef|message=todo sth|error=text string|balabala=xxxx|caller=main.go:66"}
0001-01-01T00:00:00.000Z	info	settings/func.go:103		{"callertest": "测试caller"}
2020-12-09T17:12:59.970+0800	info	log/log.go:124	/mytest	{"traceid": "000000005fd0951bbc0ba7a8658221", "spanid": "9f788ae078629a0f", "cspanid": "", "msg": "_undef|message=test caller，测试获取日志调用者信息|error=text string|balabala=xxxx|caller=func.go:103"}
0001-01-01T00:00:00.000Z	info	settings/func.go:109		{"callertest": "测试caller"}
2020-12-09T17:12:59.970+0800	error	log/log.go:155	/errortest	{"traceid": "000000005fd0951bee42a7a8104dc7", "spanid": "9f788ae0380704bb", "cspanid": "", "msg": "_undef|error=text string|caller=func.go:109|message=test caller 测试替换日志默认Caller"}
0001-01-01T00:00:00.000Z	info	fast-gin/main.go:66		{"callertest": "测试caller"}
2020-12-09T17:12:59.970+0800	info	log/log.go:124	/test	{"traceid": "000000005fd0951be647a7a85a8581", "spanid": "9f788ae057e9d186", "cspanid": "", "msg": "_undef|message=todo sth|error=text string|balabala=xxxx|caller=main.go:66"}
0001-01-01T00:00:00.000Z	info	settings/func.go:103		{"callertest": "测试caller"}
2020-12-09T17:19:46.285+0800	info	log/log.go:124	/mytest	{"traceid": "000000005fd096b2b47dcf5d658221", "spanid": "9f78894978629a0f", "cspanid": "", "msg": "_undef|message=test caller，测试获取日志调用者信息|error=text string|balabala=xxxx|caller=func.go:103"}
0001-01-01T00:00:00.000Z	error	settings/func.go:109		{"callertest": "测试caller"}
2020-12-09T17:19:46.285+0800	error	log/log.go:158	/errortest	{"traceid": "000000005fd096b210e7cf5d104dc7", "spanid": "9f788949380704bb", "cspanid": "", "msg": "_undef|message=test caller 测试替换日志默认Caller|error=text string|caller=func.go:109"}
0001-01-01T00:00:00.000Z	info	fast-gin/main.go:66		{"callertest": "测试caller"}
2020-12-09T17:19:46.285+0800	info	log/log.go:124	/test	{"traceid": "000000005fd096b21857cf5d5a8581", "spanid": "9f78894957e9d186", "cspanid": "", "msg": "_undef|error=text string|balabala=xxxx|caller=main.go:66|message=todo sth"}
0001-01-01T00:00:00.000Z	info	settings/func.go:103		{"callertest": "测试caller"}
2020-12-09T17:25:19.266+0800	info	log/log.go:124	/mytest	{"traceid": "000000005fd097ffb661d3be658221", "spanid": "9f78880478629a0f", "cspanid": "", "msg": "_undef|message=test caller，测试获取日志调用者信息|error=text string|balabala=xxxx|caller=func.go:103"}
0001-01-01T00:00:00.000Z	error	settings/func.go:109		{"callertest": "测试caller"}
2020-12-09T17:25:19.266+0800	error	log/log.go:158	/errortest	{"traceid": "000000005fd097ff78c3d3be104dc7", "spanid": "9f788804380704bb", "cspanid": "", "msg": "_undef|message=test caller 测试替换日志默认Caller|error=text string|caller=func.go:109"}
0001-01-01T00:00:00.000Z	info	fast-gin/main.go:66		{"callertest": "测试caller"}
2020-12-09T17:25:19.267+0800	info	log/log.go:124	/test	{"traceid": "000000005fd097ff1dc0d3be5a8581", "spanid": "9f78880457e9d186", "cspanid": "", "msg": "_undef|balabala=xxxx|caller=main.go:66|message=todo sth|error=text string"}
2020-12-09T17:26:33.210+0800	info	log/log.go:124	/mytest	{"traceid": "000000005fd098495a8fd8f3658221", "spanid": "9f7887b278629a0f", "cspanid": "", "msg": "_undef|message=test caller，测试获取日志调用者信息|error=text string|balabala=xxxx|caller=func.go:103"}
2020-12-09T17:26:33.211+0800	error	log/log.go:158	/errortest	{"traceid": "000000005fd0984968c3d8f3104dc7", "spanid": "9f7887b2380704bb", "cspanid": "", "msg": "_undef|error=text string|caller=func.go:109|message=test caller 测试替换日志默认Caller"}
2020-12-09T17:26:33.211+0800	info	log/log.go:124	/test	{"traceid": "000000005fd098493e13d8f35a8581", "spanid": "9f7887b257e9d186", "cspanid": "", "msg": "_undef|message=todo sth|error=text string|balabala=xxxx|caller=main.go:66"}
0001-01-01T00:00:00.000Z	info	settings/func.go:103		{"callertest": "测试caller"}
0001-01-01T00:00:00.000Z	error	settings/func.go:109		{"callertest": "测试caller"}
0001-01-01T00:00:00.000Z	info	fast-gin/main.go:66		{"callertest": "测试caller"}
0001-01-01T00:00:00.000Z	info	zapcore/console_encoder.go:93		{"callertest": "测试caller"}
0001-01-01T00:00:00.000Z	error	zapcore/console_encoder.go:93		{"callertest": "测试caller"}
2020-12-09T17:53:12.135+0800	error	zapcore/console_encoder.go:93	/errortest	{"traceid": "000000005fd09e885de387e5104dc7", "spanid": "9f788173380704bb", "cspanid": "", "msg": "_undef|message=test caller 测试替换日志默认Caller|error=text string|caller=func.go:109"}
0001-01-01T00:00:00.000Z	info	zapcore/console_encoder.go:93		{"callertest": "测试caller"}
2020-12-09T17:55:10.660+0800	info	zapcore/console_encoder.go:93	/mytest	{"traceid": "000000005fd09efe18c191dc658221", "spanid": "9f78810578629a0f", "cspanid": "", "msg": "_undef|error=text string|balabala=xxxx|message=test caller，测试获取日志调用者信息"}
2020-12-09T17:55:10.660+0800	error	zapcore/console_encoder.go:93	/errortest	{"traceid": "000000005fd09efe14e691dc104dc7", "spanid": "9f788105380704bb", "cspanid": "", "msg": "_undef|message=test caller 测试替换日志默认Caller|error=text string"}
2020-12-09T17:55:10.660+0800	info	zapcore/console_encoder.go:93	/test	{"traceid": "000000005fd09efeb74891dc5a8581", "spanid": "9f78810557e9d186", "cspanid": "", "msg": "_undef|error=text string|balabala=xxxx|message=todo sth"}
2020-12-09T17:58:19.044+0800	info	zapcore/core.go:86	/mytest	{"traceid": "000000005fd09fbb8896953a658221", "spanid": "9f78804078629a0f", "cspanid": "", "msg": "_undef|message=test caller，测试获取日志调用者信息|error=text string|balabala=xxxx"}
2020-12-09T17:58:19.044+0800	error	zapcore/core.go:86	/errortest	{"traceid": "000000005fd09fbb11af953a104dc7", "spanid": "9f788040380704bb", "cspanid": "", "msg": "_undef|error=text string|message=test caller 测试替换日志默认Caller"}
2020-12-09T17:58:19.044+0800	info	zapcore/core.go:86	/test	{"traceid": "000000005fd09fbbacd5953a5a8581", "spanid": "9f78804057e9d186", "cspanid": "", "msg": "_undef|message=todo sth|error=text string|balabala=xxxx"}
2020-12-09T17:58:49.798+0800	info	zapcore/entry.go:215	/mytest	{"traceid": "000000005fd09fd9840c9670658221", "spanid": "9f78802278629a0f", "cspanid": "", "msg": "_undef|message=test caller，测试获取日志调用者信息|error=text string|balabala=xxxx"}
2020-12-09T17:58:49.798+0800	error	zapcore/entry.go:215	/errortest	{"traceid": "000000005fd09fd95f029670104dc7", "spanid": "9f788022380704bb", "cspanid": "", "msg": "_undef|message=test caller 测试替换日志默认Caller|error=text string"}
2020-12-09T17:58:49.798+0800	info	zapcore/entry.go:215	/test	{"traceid": "000000005fd09fd9e89c96705a8581", "spanid": "9f78802257e9d186", "cspanid": "", "msg": "_undef|message=todo sth|error=text string|balabala=xxxx"}
2020-12-09T17:59:23.608+0800	info	zap@v1.10.0/logger.go:187	/mytest	{"traceid": "000000005fd09ffb2d0497df658221", "spanid": "9f78800078629a0f", "cspanid": "", "msg": "_undef|error=text string|balabala=xxxx|message=test caller，测试获取日志调用者信息"}
2020-12-09T17:59:23.608+0800	error	zap@v1.10.0/logger.go:203	/errortest	{"traceid": "000000005fd09ffb4ca097df104dc7", "spanid": "9f788000380704bb", "cspanid": "", "msg": "_undef|message=test caller 测试替换日志默认Caller|error=text string"}
2020-12-09T17:59:23.608+0800	info	zap@v1.10.0/logger.go:187	/test	{"traceid": "000000005fd09ffbed5e97df5a8581", "spanid": "9f78800057e9d186", "cspanid": "", "msg": "_undef|error=text string|balabala=xxxx|message=todo sth"}
2020-12-09T18:00:20.982+0800	info	log/log.go:148	/mytest	{"traceid": "000000005fd0a034035b99d1658221", "spanid": "9f78bfcf78629a0f", "cspanid": "", "msg": "_undef|message=test caller，测试获取日志调用者信息|error=text string|balabala=xxxx"}
2020-12-09T18:00:20.983+0800	error	log/log.go:182	/errortest	{"traceid": "000000005fd0a034546399d1104dc7", "spanid": "9f78bfcf380704bb", "cspanid": "", "msg": "_undef|message=test caller 测试替换日志默认Caller|error=text string"}
2020-12-09T18:00:20.983+0800	info	log/log.go:148	/test	{"traceid": "000000005fd0a034f43d99d15a8581", "spanid": "9f78bfcf57e9d186", "cspanid": "", "msg": "_undef|message=todo sth|error=text string|balabala=xxxx"}
2020-12-09T18:01:27.984+0800	info	settings/func.go:103	/mytest	{"traceid": "000000005fd0a077cf809b4c658221", "spanid": "9f78bf8c78629a0f", "cspanid": "", "msg": "_undef|error=text string|balabala=xxxx|message=test caller，测试获取日志调用者信息"}
2020-12-09T18:01:27.985+0800	error	settings/func.go:109	/errortest	{"traceid": "000000005fd0a077b1dd9b4c104dc7", "spanid": "9f78bf8c380704bb", "cspanid": "", "msg": "_undef|message=test caller 测试替换日志默认Caller|error=text string"}
2020-12-09T18:01:27.985+0800	info	fast-gin/main.go:66	/test	{"traceid": "000000005fd0a0779bcf9b4c5a8581", "spanid": "9f78bf8c57e9d186", "cspanid": "", "msg": "_undef|message=todo sth|error=text string|balabala=xxxx"}
2020-12-09T18:16:15.731+0800	warn	settings/func.go:103	/warn	{"traceid": "000000005fd0a3ef383ddce9658221", "spanid": "9f78bc1478629a0f", "cspanid": "", "msg": "_undef|error=text string|balabala=xxxx|message=warn 测试替换日志默认Caller"}
2020-12-09T18:16:15.731+0800	error	settings/func.go:109	/errortest	{"traceid": "000000005fd0a3efcf1adce9104dc7", "spanid": "9f78bc14380704bb", "cspanid": "", "msg": "_undef|message=test caller 测试替换日志默认Caller|error=text string"}
2020-12-09T18:16:15.731+0800	dpanic	settings/func.go:114	/dpanic	{"traceid": "000000005fd0a3ef4f3adce95a8581", "spanid": "9f78bc1457e9d186", "cspanid": "", "msg": "_undef|message=dpanic 测试替换日志默认Caller|error=text string|balabala=xxxx"}
2020-12-09T18:16:15.731+0800	panic	settings/func.go:120	/panic	{"traceid": "000000005fd0a3ef7009dce966cb39", "spanid": "9f78bc141408d2ac", "cspanid": "", "msg": "_undef|message=panic 测试替换日志默认Caller|error=text string|balabala=xxxx"}
2020-12-09T18:17:07.297+0800	warn	settings/func.go:103	/warn	{"traceid": "000000005fd0a423b4bddfaa658221", "spanid": "9f78bbd878629a0f", "cspanid": "", "msg": "_undef|message=warn 测试替换日志默认Caller|error=text string|balabala=xxxx"}
2020-12-09T18:17:07.297+0800	error	settings/func.go:109	/errortest	{"traceid": "000000005fd0a4232520dfaa104dc7", "spanid": "9f78bbd8380704bb", "cspanid": "", "msg": "_undef|error=text string|message=test caller 测试替换日志默认Caller"}
2020-12-09T18:17:07.298+0800	dpanic	settings/func.go:114	/dpanic	{"traceid": "000000005fd0a423ea78dfaa5a8581", "spanid": "9f78bbd857e9d186", "cspanid": "", "msg": "_undef|message=dpanic 测试替换日志默认Caller|error=text string|balabala=xxxx"}
2020-12-09T18:17:07.298+0800	fatal	settings/func.go:126	/fatal	{"traceid": "000000005fd0a4236f6adfaa66cb39", "spanid": "9f78bbd81408d2ac", "cspanid": "", "msg": "_undef|error=text string|balabala=xxxx|message=fatal 测试替换日志默认Caller"}
2020-12-09T18:18:33.215+0800	warn	settings/func.go:103	/warn	{"traceid": "000000005fd0a4792113e15a658221", "spanid": "9f78bb8278629a0f", "cspanid": "", "msg": "_undef|message=warn 测试替换日志默认Caller|error=text string|balabala=xxxx"}
2020-12-09T18:18:33.215+0800	error	settings/func.go:109	/error	{"traceid": "000000005fd0a4799d57e15a104dc7", "spanid": "9f78bb82380704bb", "cspanid": "", "msg": "_undef|message=test caller 测试替换日志默认Caller|error=text string"}
2020-12-09T18:18:33.215+0800	dpanic	settings/func.go:114	/dpanic	{"traceid": "000000005fd0a4793a28e15a5a8581", "spanid": "9f78bb8257e9d186", "cspanid": "", "msg": "_undef|message=dpanic 测试替换日志默认Caller|error=text string|balabala=xxxx"}
2020-12-09T18:18:33.215+0800	fatal	settings/func.go:126	/fatal	{"traceid": "000000005fd0a479d7e6e15a66cb39", "spanid": "9f78bb821408d2ac", "cspanid": "", "msg": "_undef|message=fatal 测试替换日志默认Caller|error=text string|balabala=xxxx"}
2020-12-09T18:19:18.367+0800	warn	settings/func.go:103	/warn	{"traceid": "000000005fd0a4a69bdae2a7658221", "spanid": "9f78bb5d78629a0f", "cspanid": "", "msg": "_undef|message=warn 测试替换日志默认Caller|error=text string|balabala=xxxx"}
2020-12-09T18:19:18.367+0800	error	settings/func.go:109	/error	{"traceid": "000000005fd0a4a6c23de2a7104dc7", "spanid": "9f78bb5d380704bb", "cspanid": "", "msg": "_undef|message=test caller 测试替换日志默认Caller|error=text string"}
2020-12-09T18:19:18.368+0800	dpanic	settings/func.go:114	/dpanic	{"traceid": "000000005fd0a4a6a56ce2a75a8581", "spanid": "9f78bb5d57e9d186", "cspanid": "", "msg": "_undef|message=dpanic 测试替换日志默认Caller|error=text string|balabala=xxxx"}
2020-12-09T18:19:18.368+0800	info	fast-gin/main.go:73	/test	{"traceid": "000000005fd0a4a6fe1ae2a7697f48", "spanid": "9f78bb5d268447a4", "cspanid": "", "msg": "_undef|message=todo sth|error=text string|balabala=xxxx"}
2020-12-09T18:21:03.975+0800	warn	settings/func.go:103	/warn	{"traceid": "000000005fd0a50f3a46e9e6658221", "spanid": "9f78baf478629a0f", "cspanid": "", "msg": "_undef|message=warn 测试替换日志默认Caller|error=text string|balabala=xxxx"}
2020-12-09T18:21:03.975+0800	error	settings/func.go:109	/error	{"traceid": "000000005fd0a50f3bdde9e6104dc7", "spanid": "9f78baf4380704bb", "cspanid": "", "msg": "_undef|message=test caller 测试替换日志默认Caller|error=text string"}
2020-12-09T18:21:03.975+0800	dpanic	settings/func.go:114	/dpanic	{"traceid": "000000005fd0a50f5b15e9e65a8581", "spanid": "9f78baf457e9d186", "cspanid": "", "msg": "_undef|message=dpanic 测试替换日志默认Caller|error=text string|balabala=xxxx"}
2020-12-09T18:21:03.975+0800	info	fast-gin/main.go:101	/test	{"traceid": "000000005fd0a50fed44e9e6697f48", "spanid": "9f78baf4268447a4", "cspanid": "", "msg": "_undef|message=todo sth|error=text string|balabala=xxxx"}
2020-12-09T18:28:40.398+0800	info	fast-gin/main.go:69	/test	{"traceid": "000000005fd0a6d83a6d07f8104dc7", "spanid": "9f78b923380704bb", "cspanid": "", "msg": "_undef|message=todo sth|error=text string|balabala=xxxx"}
2020-12-09T18:29:58.373+0800	error	settings/func.go:107	/error	{"traceid": "000000005fd0a7264e3b0ca6658221", "spanid": "9f78b8dd78629a0f", "cspanid": "", "msg": "_undef|error=text string|message=test caller 测试替换日志默认Caller"}
2020-12-09T18:29:58.373+0800	info	fast-gin/main.go:69	/test	{"traceid": "000000005fd0a726ed0b0ca65a8581", "spanid": "9f78b8dd57e9d186", "cspanid": "", "msg": "_undef|message=todo sth|error=text string|balabala=xxxx"}
2020-12-10T14:53:44.386+0800	error	settings/func.go:107	/error	{"traceid": "000000005fd1c5f840b4a2f0658221", "spanid": "9f79da0378629a0f", "cspanid": "", "msg": "_undef|message=test caller 测试替换日志默认Caller|error=text string"}
2020-12-10T14:53:44.441+0800	info	fast-gin/main.go:65	/test	{"traceid": "000000005fd1c5f8f872a2f05a8581", "spanid": "9f79da0357e9d186", "cspanid": "", "msg": "_undef|error=text string|balabala=xxxx|message=todo sth"}
2020-12-10T14:58:01.324+0800	error	settings/func.go:107	/error	{"traceid": "000000005fd1c6f93e2da6e2658221", "spanid": "9f79d90278629a0f", "cspanid": "", "msg": "_undef|message=test caller 测试替换日志默认Caller|error=text string"}
2020-12-10T14:58:01.324+0800	info	fast-gin/main.go:65	/test	{"traceid": "000000005fd1c6f9a2baa6e25a8581", "spanid": "9f79d90257e9d186", "cspanid": "", "msg": "_undef|balabala=xxxx|message=todo sth|error=text string"}
2020-12-10T14:58:56.571+0800	error	settings/func.go:107	/error	{"traceid": "000000005fd1c7304c59a76c658221", "spanid": "9f79d8cb78629a0f", "cspanid": "", "msg": "_undef|message=test caller 测试替换日志默认Caller|error=text string"}
2020-12-10T14:58:56.571+0800	info	fast-gin/main.go:65	/test	{"traceid": "000000005fd1c7307bcba76c5a8581", "spanid": "9f79d8cb57e9d186", "cspanid": "", "msg": "_undef|message=todo sth|error=text string|balabala=xxxx"}
2020-12-10T15:00:13.711+0800	error	settings/func.go:107	/error	{"traceid": "000000005fd1c77d96f7aa3b658221", "spanid": "9f79d88678629a0f", "cspanid": "", "msg": "_undef|message=test caller 测试替换日志默认Caller|error=text string"}
2020-12-10T15:00:13.711+0800	info	fast-gin/main.go:65	/test	{"traceid": "000000005fd1c77d1458aa3b5a8581", "spanid": "9f79d88657e9d186", "cspanid": "", "msg": "_undef|message=todo sth|error=text string|balabala=xxxx"}
2020-12-10T15:10:43.408+0800	error	fast-gin/main.go:58	redis	{"traceid": "000000005fd1c9f39df5d880104dc7", "spanid": "9f79d608380704bb", "cspanid": "", "msg": "_undef|error=dial tcp: address 127.0.0.16379: missing port in address"}
2020-12-10T15:13:10.741+0800	info	fast-gin/main.go:75	/test	{"msg": "_undef|message=todo sth|error=text string|balabala=xxxx", "traceid": "000000005fd1ca866dcfe1855a8581", "spanid": "9f79d57d57e9d186", "cspanid": ""}
2020-12-10T15:13:48.051+0800	error	fast-gin/main.go:58	redis	{"msg": "_undef|error=dial tcp: address 127.0.0.16379: missing port in address", "traceid": "000000005fd1caac6685e2d2104dc7", "spanid": "9f79d557380704bb", "cspanid": ""}
2020-12-10T15:14:02.541+0800	error	fast-gin/main.go:58	redis	{"msg": "_undef|error=dial tcp: address 127.0.0.16379: missing port in address", "traceid": "000000005fd1cababb34e432104dc7", "spanid": "9f79d541380704bb", "cspanid": ""}
2020-12-10T15:14:29.069+0800	error	fast-gin/main.go:58	redis	{"msg": "_undef|error=dial tcp: address 127.0.0.16379: missing port in address", "traceid": "000000005fd1cad50225e49c104dc7", "spanid": "9f79d52e380704bb", "cspanid": ""}
2020-12-10T15:14:45.635+0800	info	fast-gin/main.go:75	/test	{"msg": "_undef|message=todo sth|error=text string|balabala=xxxx", "traceid": "000000005fd1cae58edfe5e85a8581", "spanid": "9f79d51e57e9d186", "cspanid": ""}
2020-12-10T15:14:51.385+0800	info	fast-gin/main.go:75	/test	{"msg": "_undef|message=todo sth|error=text string|balabala=xxxx", "traceid": "000000005fd1caebd8f2e6355a8581", "spanid": "9f79d51057e9d186", "cspanid": ""}
2020-12-10T15:23:33.425+0800	info	fast-gin/main.go:75	/test	{"msg": "_undef|message=todo sth|error=text string|balabala=xxxx", "traceid": "000000005fd1ccf585b0f6505a8581", "spanid": "9f79d30e57e9d186", "cspanid": ""}
2020-12-10T15:25:13.519+0800	info	fast-gin/main.go:75	/test	{"msg": "_undef|message=todo sth|error=text string|balabala=xxxx", "traceid": "000000005fd1cd59d10afa8b5a8581", "spanid": "9f79d2a257e9d186", "cspanid": ""}
2020-12-10T15:25:13.519+0800	info	fast-gin/main.go:82	/error	{"msg": "_undef|message=error 级别日志测试|error=text string|balabala=xxxx", "traceid": "000000005fd1cd592998fa8b66cb39", "spanid": "9f79d2a21408d2ac", "cspanid": ""}
2020-12-10T15:25:28.056+0800	info	fast-gin/main.go:75	/test	{"msg": "_undef|message=todo sth|error=text string|balabala=xxxx", "traceid": "000000005fd1cd682155fcaa5a8581", "spanid": "9f79d29357e9d186", "cspanid": ""}
2020-12-10T15:25:28.058+0800	error	fast-gin/main.go:82	/error	{"msg": "_undef|message=error 级别日志测试|error=text string|balabala=xxxx", "traceid": "000000005fd1cd68d93dfcaa66cb39", "spanid": "9f79d2931408d2ac", "cspanid": ""}
2020-12-10T15:26:07.012+0800	info	fast-gin/main.go:75	/test	{"msg": "_undef|message=todo sth|error=text string|balabala=xxxx", "traceid": "000000005fd1cd8f6dd9fd105a8581", "spanid": "9f79d27457e9d186", "cspanid": ""}
2020-12-10T15:26:07.013+0800	error	fast-gin/main.go:82	/error	{"msg": "_undef|balabala=xxxx|message=error 级别日志测试|error=text string", "traceid": "000000005fd1cd8fad28fd1066cb39", "spanid": "9f79d2741408d2ac", "cspanid": ""}
